<?xml version="1.0" encoding="UTF-8"?>
<coverage generated="1738583409938" clover="3.2.0">
  <project timestamp="1738583409938" name="All files">
    <metrics statements="304" coveredstatements="304" conditionals="47" coveredconditionals="43" methods="20" coveredmethods="20" elements="371" coveredelements="367" complexity="0" loc="304" ncloc="304" packages="1" files="7" classes="7"/>
    <file name="App.jsx" path="/Users/christopherhein/Desktop/CSE 186/Assignment4/src/App.jsx">
      <metrics statements="24" coveredstatements="24" conditionals="1" coveredconditionals="1" methods="1" coveredmethods="1"/>
      <line num="1" count="1" type="stmt"/>
      <line num="2" count="1" type="stmt"/>
      <line num="3" count="1" type="stmt"/>
      <line num="4" count="1" type="stmt"/>
      <line num="5" count="1" type="stmt"/>
      <line num="6" count="1" type="stmt"/>
      <line num="12" count="15" type="cond" truecount="1" falsecount="0"/>
      <line num="13" count="15" type="stmt"/>
      <line num="14" count="15" type="stmt"/>
      <line num="15" count="15" type="stmt"/>
      <line num="16" count="15" type="stmt"/>
      <line num="17" count="15" type="stmt"/>
      <line num="18" count="15" type="stmt"/>
      <line num="19" count="15" type="stmt"/>
      <line num="20" count="15" type="stmt"/>
      <line num="21" count="15" type="stmt"/>
      <line num="22" count="15" type="stmt"/>
      <line num="23" count="15" type="stmt"/>
      <line num="24" count="15" type="stmt"/>
      <line num="25" count="15" type="stmt"/>
      <line num="26" count="15" type="stmt"/>
      <line num="27" count="15" type="stmt"/>
      <line num="29" count="15" type="stmt"/>
      <line num="31" count="1" type="stmt"/>
    </file>
    <file name="EmailContext.jsx" path="/Users/christopherhein/Desktop/CSE 186/Assignment4/src/EmailContext.jsx">
      <metrics statements="17" coveredstatements="17" conditionals="2" coveredconditionals="2" methods="2" coveredmethods="2"/>
      <line num="1" count="1" type="stmt"/>
      <line num="2" count="1" type="stmt"/>
      <line num="5" count="1" type="stmt"/>
      <line num="8" count="1" type="cond" truecount="1" falsecount="0"/>
      <line num="11" count="1" type="cond" truecount="1" falsecount="0"/>
      <line num="12" count="20" type="stmt"/>
      <line num="13" count="20" type="stmt"/>
      <line num="15" count="20" type="stmt"/>
      <line num="16" count="20" type="stmt"/>
      <line num="17" count="20" type="stmt"/>
      <line num="18" count="20" type="stmt"/>
      <line num="19" count="20" type="stmt"/>
      <line num="21" count="20" type="stmt"/>
      <line num="23" count="1" type="stmt"/>
      <line num="24" count="1" type="stmt"/>
      <line num="25" count="1" type="stmt"/>
      <line num="27" count="1" type="stmt"/>
    </file>
    <file name="EmailDetailsPage.jsx" path="/Users/christopherhein/Desktop/CSE 186/Assignment4/src/EmailDetailsPage.jsx">
      <metrics statements="32" coveredstatements="32" conditionals="5" coveredconditionals="5" methods="2" coveredmethods="2"/>
      <line num="1" count="1" type="stmt"/>
      <line num="2" count="1" type="stmt"/>
      <line num="3" count="1" type="stmt"/>
      <line num="4" count="1" type="stmt"/>
      <line num="6" count="1" type="cond" truecount="1" falsecount="0"/>
      <line num="7" count="3" type="stmt"/>
      <line num="9" count="3" type="stmt"/>
      <line num="10" count="3" type="stmt"/>
      <line num="11" count="3" type="stmt"/>
      <line num="12" count="3" type="stmt"/>
      <line num="13" count="3" type="stmt"/>
      <line num="19" count="6" type="cond" truecount="1" falsecount="0"/>
      <line num="20" count="6" type="stmt"/>
      <line num="21" count="6" type="stmt"/>
      <line num="23" count="6" type="cond" truecount="1" falsecount="0"/>
      <line num="24" count="6" type="cond" truecount="1" falsecount="0"/>
      <line num="25" count="3" type="stmt"/>
      <line num="26" count="3" type="stmt"/>
      <line num="27" count="6" type="stmt"/>
      <line num="29" count="6" type="cond" truecount="1" falsecount="0"/>
      <line num="30" count="3" type="stmt"/>
      <line num="31" count="3" type="stmt"/>
      <line num="33" count="3" type="stmt"/>
      <line num="34" count="3" type="stmt"/>
      <line num="35" count="3" type="stmt"/>
      <line num="36" count="3" type="stmt"/>
      <line num="37" count="3" type="stmt"/>
      <line num="38" count="3" type="stmt"/>
      <line num="39" count="3" type="stmt"/>
      <line num="40" count="3" type="stmt"/>
      <line num="42" count="3" type="stmt"/>
      <line num="44" count="1" type="stmt"/>
    </file>
    <file name="HeaderContext.jsx" path="/Users/christopherhein/Desktop/CSE 186/Assignment4/src/HeaderContext.jsx">
      <metrics statements="15" coveredstatements="15" conditionals="2" coveredconditionals="2" methods="2" coveredmethods="2"/>
      <line num="1" count="1" type="stmt"/>
      <line num="2" count="1" type="stmt"/>
      <line num="5" count="1" type="stmt"/>
      <line num="8" count="1" type="cond" truecount="1" falsecount="0"/>
      <line num="11" count="1" type="cond" truecount="1" falsecount="0"/>
      <line num="12" count="25" type="stmt"/>
      <line num="13" count="25" type="stmt"/>
      <line num="15" count="25" type="stmt"/>
      <line num="16" count="25" type="stmt"/>
      <line num="17" count="25" type="stmt"/>
      <line num="18" count="25" type="stmt"/>
      <line num="19" count="25" type="stmt"/>
      <line num="21" count="25" type="stmt"/>
      <line num="23" count="1" type="stmt"/>
      <line num="25" count="1" type="stmt"/>
    </file>
    <file name="HeaderDetailsPage.jsx" path="/Users/christopherhein/Desktop/CSE 186/Assignment4/src/HeaderDetailsPage.jsx">
      <metrics statements="111" coveredstatements="111" conditionals="17" coveredconditionals="16" methods="8" coveredmethods="8"/>
      <line num="1" count="1" type="stmt"/>
      <line num="2" count="1" type="stmt"/>
      <line num="3" count="1" type="stmt"/>
      <line num="4" count="1" type="stmt"/>
      <line num="5" count="1" type="stmt"/>
      <line num="6" count="1" type="stmt"/>
      <line num="7" count="1" type="stmt"/>
      <line num="8" count="1" type="stmt"/>
      <line num="9" count="1" type="stmt"/>
      <line num="10" count="1" type="stmt"/>
      <line num="11" count="1" type="stmt"/>
      <line num="12" count="1" type="stmt"/>
      <line num="13" count="1" type="stmt"/>
      <line num="14" count="1" type="stmt"/>
      <line num="15" count="1" type="stmt"/>
      <line num="16" count="1" type="stmt"/>
      <line num="17" count="1" type="stmt"/>
      <line num="18" count="1" type="stmt"/>
      <line num="19" count="1" type="stmt"/>
      <line num="20" count="1" type="stmt"/>
      <line num="26" count="42" type="cond" truecount="1" falsecount="0"/>
      <line num="27" count="42" type="stmt"/>
      <line num="28" count="42" type="stmt"/>
      <line num="29" count="42" type="stmt"/>
      <line num="31" count="42" type="cond" truecount="1" falsecount="0"/>
      <line num="32" count="7" type="stmt"/>
      <line num="33" count="7" type="stmt"/>
      <line num="35" count="42" type="cond" truecount="1" falsecount="0"/>
      <line num="36" count="3" type="stmt"/>
      <line num="37" count="3" type="stmt"/>
      <line num="38" count="3" type="stmt"/>
      <line num="39" count="3" type="stmt"/>
      <line num="41" count="42" type="cond" truecount="1" falsecount="0"/>
      <line num="43" count="15" type="cond" truecount="1" falsecount="0"/>
      <line num="44" count="15" type="stmt"/>
      <line num="45" count="15" type="stmt"/>
      <line num="46" count="15" type="stmt"/>
      <line num="47" count="15" type="stmt"/>
      <line num="48" count="15" type="cond" truecount="1" falsecount="0"/>
      <line num="49" count="42" type="stmt"/>
      <line num="51" count="42" type="stmt"/>
      <line num="52" count="42" type="stmt"/>
      <line num="54" count="42" type="stmt"/>
      <line num="55" count="42" type="stmt"/>
      <line num="56" count="42" type="stmt"/>
      <line num="57" count="42" type="stmt"/>
      <line num="58" count="42" type="stmt"/>
      <line num="59" count="42" type="stmt"/>
      <line num="60" count="42" type="cond" truecount="1" falsecount="0"/>
      <line num="61" count="42" type="stmt"/>
      <line num="63" count="42" type="stmt"/>
      <line num="64" count="42" type="stmt"/>
      <line num="65" count="42" type="stmt"/>
      <line num="66" count="42" type="cond" truecount="2" falsecount="0"/>
      <line num="67" count="42" type="stmt"/>
      <line num="68" count="42" type="cond" truecount="1" falsecount="0"/>
      <line num="69" count="7" type="stmt"/>
      <line num="70" count="7" type="stmt"/>
      <line num="71" count="7" type="stmt"/>
      <line num="72" count="42" type="stmt"/>
      <line num="74" count="42" type="stmt"/>
      <line num="75" count="42" type="stmt"/>
      <line num="76" count="42" type="stmt"/>
      <line num="77" count="42" type="stmt"/>
      <line num="78" count="42" type="stmt"/>
      <line num="79" count="42" type="stmt"/>
      <line num="80" count="42" type="cond" truecount="1" falsecount="0"/>
      <line num="81" count="9" type="stmt"/>
      <line num="82" count="9" type="stmt"/>
      <line num="83" count="9" type="stmt"/>
      <line num="84" count="9" type="stmt"/>
      <line num="85" count="9" type="cond" truecount="1" falsecount="0"/>
      <line num="86" count="1" type="stmt"/>
      <line num="87" count="1" type="stmt"/>
      <line num="88" count="1" type="stmt"/>
      <line num="89" count="9" type="stmt"/>
      <line num="91" count="9" type="stmt"/>
      <line num="92" count="9" type="stmt"/>
      <line num="94" count="42" type="stmt"/>
      <line num="95" count="42" type="stmt"/>
      <line num="97" count="42" type="stmt"/>
      <line num="98" count="42" type="stmt"/>
      <line num="99" count="42" type="stmt"/>
      <line num="101" count="42" type="stmt"/>
      <line num="102" count="42" type="cond" truecount="0" falsecount="1"/>
      <line num="103" count="42" type="stmt"/>
      <line num="104" count="42" type="stmt"/>
      <line num="105" count="42" type="stmt"/>
      <line num="106" count="42" type="stmt"/>
      <line num="108" count="42" type="stmt"/>
      <line num="109" count="42" type="stmt"/>
      <line num="110" count="42" type="stmt"/>
      <line num="111" count="42" type="stmt"/>
      <line num="112" count="42" type="stmt"/>
      <line num="113" count="42" type="stmt"/>
      <line num="114" count="42" type="cond" truecount="1" falsecount="0"/>
      <line num="115" count="126" type="stmt"/>
      <line num="116" count="126" type="cond" truecount="1" falsecount="0"/>
      <line num="117" count="126" type="stmt"/>
      <line num="118" count="126" type="cond" truecount="2" falsecount="0"/>
      <line num="119" count="126" type="stmt"/>
      <line num="120" count="126" type="stmt"/>
      <line num="121" count="126" type="stmt"/>
      <line num="122" count="126" type="stmt"/>
      <line num="123" count="42" type="stmt"/>
      <line num="124" count="42" type="stmt"/>
      <line num="125" count="42" type="stmt"/>
      <line num="126" count="42" type="stmt"/>
      <line num="127" count="42" type="stmt"/>
      <line num="129" count="42" type="stmt"/>
      <line num="131" count="1" type="stmt"/>
    </file>
    <file name="InboxPage.jsx" path="/Users/christopherhein/Desktop/CSE 186/Assignment4/src/InboxPage.jsx">
      <metrics statements="89" coveredstatements="89" conditionals="19" coveredconditionals="16" methods="4" coveredmethods="4"/>
      <line num="1" count="1" type="stmt"/>
      <line num="2" count="1" type="stmt"/>
      <line num="3" count="1" type="stmt"/>
      <line num="4" count="1" type="stmt"/>
      <line num="5" count="1" type="stmt"/>
      <line num="6" count="1" type="stmt"/>
      <line num="13" count="35" type="cond" truecount="1" falsecount="0"/>
      <line num="14" count="35" type="stmt"/>
      <line num="15" count="35" type="stmt"/>
      <line num="16" count="35" type="stmt"/>
      <line num="17" count="35" type="stmt"/>
      <line num="18" count="35" type="stmt"/>
      <line num="20" count="35" type="cond" truecount="1" falsecount="0"/>
      <line num="22" count="17" type="cond" truecount="1" falsecount="0"/>
      <line num="23" count="17" type="stmt"/>
      <line num="24" count="17" type="stmt"/>
      <line num="25" count="17" type="stmt"/>
      <line num="26" count="17" type="stmt"/>
      <line num="27" count="17" type="cond" truecount="1" falsecount="0"/>
      <line num="28" count="35" type="stmt"/>
      <line num="30" count="35" type="cond" truecount="1" falsecount="0"/>
      <line num="32" count="35" type="cond" truecount="1" falsecount="0"/>
      <line num="33" count="4947" type="stmt"/>
      <line num="34" count="4947" type="stmt"/>
      <line num="35" count="4947" type="stmt"/>
      <line num="36" count="35" type="stmt"/>
      <line num="38" count="35" type="cond" truecount="1" falsecount="0"/>
      <line num="39" count="20" type="stmt"/>
      <line num="40" count="35" type="stmt"/>
      <line num="42" count="35" type="cond" truecount="1" falsecount="0"/>
      <line num="43" count="3626" type="stmt"/>
      <line num="44" count="3626" type="stmt"/>
      <line num="46" count="3626" type="stmt"/>
      <line num="47" count="3626" type="stmt"/>
      <line num="49" count="3626" type="stmt"/>
      <line num="50" count="3626" type="stmt"/>
      <line num="52" count="3626" type="cond" truecount="1" falsecount="0"/>
      <line num="53" count="58" type="stmt"/>
      <line num="54" count="58" type="stmt"/>
      <line num="55" count="3626" type="cond" truecount="2" falsecount="0"/>
      <line num="56" count="58" type="stmt"/>
      <line num="57" count="3568" type="cond" truecount="2" falsecount="0"/>
      <line num="58" count="1199" type="stmt"/>
      <line num="59" count="1199" type="stmt"/>
      <line num="60" count="3510" type="cond" truecount="1" falsecount="0"/>
      <line num="61" count="2311" type="stmt"/>
      <line num="62" count="2311" type="stmt"/>
      <line num="63" count="3626" type="stmt"/>
      <line num="65" count="35" type="stmt"/>
      <line num="66" count="35" type="stmt"/>
      <line num="67" count="35" type="stmt"/>
      <line num="68" count="35" type="cond" truecount="0" falsecount="1"/>
      <line num="69" count="35" type="stmt"/>
      <line num="70" count="35" type="cond" truecount="0" falsecount="1"/>
      <line num="71" count="35" type="cond" truecount="0" falsecount="1"/>
      <line num="72" count="35" type="stmt"/>
      <line num="73" count="35" type="stmt"/>
      <line num="74" count="35" type="stmt"/>
      <line num="75" count="35" type="stmt"/>
      <line num="76" count="35" type="stmt"/>
      <line num="77" count="35" type="cond" truecount="1" falsecount="0"/>
      <line num="78" count="3626" type="stmt"/>
      <line num="79" count="3626" type="cond" truecount="1" falsecount="0"/>
      <line num="80" count="3" type="stmt"/>
      <line num="81" count="3" type="stmt"/>
      <line num="82" count="3" type="stmt"/>
      <line num="83" count="3626" type="stmt"/>
      <line num="84" count="3626" type="stmt"/>
      <line num="85" count="3626" type="stmt"/>
      <line num="86" count="3626" type="stmt"/>
      <line num="87" count="3626" type="stmt"/>
      <line num="88" count="3626" type="stmt"/>
      <line num="89" count="3626" type="stmt"/>
      <line num="90" count="3626" type="stmt"/>
      <line num="91" count="3626" type="stmt"/>
      <line num="92" count="3626" type="stmt"/>
      <line num="93" count="3626" type="stmt"/>
      <line num="94" count="3626" type="stmt"/>
      <line num="95" count="3626" type="stmt"/>
      <line num="96" count="3626" type="stmt"/>
      <line num="97" count="3626" type="stmt"/>
      <line num="98" count="3626" type="stmt"/>
      <line num="99" count="3626" type="stmt"/>
      <line num="100" count="3626" type="stmt"/>
      <line num="101" count="35" type="stmt"/>
      <line num="102" count="35" type="stmt"/>
      <line num="103" count="35" type="stmt"/>
      <line num="105" count="35" type="stmt"/>
      <line num="107" count="1" type="stmt"/>
    </file>
    <file name="Layout.jsx" path="/Users/christopherhein/Desktop/CSE 186/Assignment4/src/Layout.jsx">
      <metrics statements="16" coveredstatements="16" conditionals="1" coveredconditionals="1" methods="1" coveredmethods="1"/>
      <line num="1" count="1" type="stmt"/>
      <line num="2" count="1" type="stmt"/>
      <line num="3" count="1" type="stmt"/>
      <line num="5" count="1" type="cond" truecount="1" falsecount="0"/>
      <line num="6" count="15" type="stmt"/>
      <line num="7" count="15" type="stmt"/>
      <line num="8" count="15" type="stmt"/>
      <line num="9" count="15" type="stmt"/>
      <line num="10" count="15" type="stmt"/>
      <line num="11" count="15" type="stmt"/>
      <line num="12" count="15" type="stmt"/>
      <line num="14" count="15" type="stmt"/>
      <line num="16" count="1" type="stmt"/>
      <line num="17" count="1" type="stmt"/>
      <line num="18" count="1" type="stmt"/>
      <line num="20" count="1" type="stmt"/>
    </file>
  </project>
</coverage>
