<?xml version="1.0" encoding="UTF-8"?>
<coverage generated="1738564659235" clover="3.2.0">
  <project timestamp="1738564659235" name="All files">
    <metrics statements="234" coveredstatements="234" conditionals="32" coveredconditionals="32" methods="16" coveredmethods="16" elements="282" coveredelements="282" complexity="0" loc="234" ncloc="234" packages="1" files="7" classes="7"/>
    <file name="App.jsx" path="/Users/christopherhein/Desktop/CSE 186/Assignment4/src/App.jsx">
      <metrics statements="24" coveredstatements="24" conditionals="1" coveredconditionals="1" methods="1" coveredmethods="1"/>
      <line num="1" count="1" type="stmt"/>
      <line num="2" count="1" type="stmt"/>
      <line num="3" count="1" type="stmt"/>
      <line num="4" count="1" type="stmt"/>
      <line num="5" count="1" type="stmt"/>
      <line num="6" count="1" type="stmt"/>
      <line num="12" count="11" type="cond" truecount="1" falsecount="0"/>
      <line num="13" count="11" type="stmt"/>
      <line num="14" count="11" type="stmt"/>
      <line num="15" count="11" type="stmt"/>
      <line num="16" count="11" type="stmt"/>
      <line num="17" count="11" type="stmt"/>
      <line num="18" count="11" type="stmt"/>
      <line num="19" count="11" type="stmt"/>
      <line num="20" count="11" type="stmt"/>
      <line num="21" count="11" type="stmt"/>
      <line num="22" count="11" type="stmt"/>
      <line num="23" count="11" type="stmt"/>
      <line num="24" count="11" type="stmt"/>
      <line num="25" count="11" type="stmt"/>
      <line num="26" count="11" type="stmt"/>
      <line num="27" count="11" type="stmt"/>
      <line num="29" count="11" type="stmt"/>
      <line num="31" count="1" type="stmt"/>
    </file>
    <file name="EmailContext.jsx" path="/Users/christopherhein/Desktop/CSE 186/Assignment4/src/EmailContext.jsx">
      <metrics statements="17" coveredstatements="17" conditionals="2" coveredconditionals="2" methods="2" coveredmethods="2"/>
      <line num="1" count="1" type="stmt"/>
      <line num="2" count="1" type="stmt"/>
      <line num="5" count="1" type="stmt"/>
      <line num="8" count="1" type="cond" truecount="1" falsecount="0"/>
      <line num="11" count="1" type="cond" truecount="1" falsecount="0"/>
      <line num="12" count="13" type="stmt"/>
      <line num="13" count="13" type="stmt"/>
      <line num="15" count="13" type="stmt"/>
      <line num="16" count="13" type="stmt"/>
      <line num="17" count="13" type="stmt"/>
      <line num="18" count="13" type="stmt"/>
      <line num="19" count="13" type="stmt"/>
      <line num="21" count="13" type="stmt"/>
      <line num="23" count="1" type="stmt"/>
      <line num="24" count="1" type="stmt"/>
      <line num="25" count="1" type="stmt"/>
      <line num="27" count="1" type="stmt"/>
    </file>
    <file name="EmailDetailsPage.jsx" path="/Users/christopherhein/Desktop/CSE 186/Assignment4/src/EmailDetailsPage.jsx">
      <metrics statements="25" coveredstatements="25" conditionals="5" coveredconditionals="5" methods="1" coveredmethods="1"/>
      <line num="1" count="1" type="stmt"/>
      <line num="2" count="1" type="stmt"/>
      <line num="3" count="1" type="stmt"/>
      <line num="4" count="1" type="stmt"/>
      <line num="10" count="3" type="cond" truecount="1" falsecount="0"/>
      <line num="11" count="3" type="stmt"/>
      <line num="12" count="3" type="stmt"/>
      <line num="14" count="3" type="cond" truecount="1" falsecount="0"/>
      <line num="15" count="3" type="cond" truecount="1" falsecount="0"/>
      <line num="16" count="1" type="stmt"/>
      <line num="17" count="1" type="stmt"/>
      <line num="18" count="3" type="stmt"/>
      <line num="20" count="3" type="cond" truecount="1" falsecount="0"/>
      <line num="21" count="1" type="stmt"/>
      <line num="22" count="1" type="cond" truecount="1" falsecount="0"/>
      <line num="24" count="2" type="stmt"/>
      <line num="25" count="2" type="stmt"/>
      <line num="26" count="2" type="stmt"/>
      <line num="27" count="2" type="stmt"/>
      <line num="28" count="2" type="stmt"/>
      <line num="29" count="2" type="stmt"/>
      <line num="30" count="2" type="stmt"/>
      <line num="31" count="2" type="stmt"/>
      <line num="33" count="2" type="stmt"/>
      <line num="35" count="1" type="stmt"/>
    </file>
    <file name="HeaderContext.jsx" path="/Users/christopherhein/Desktop/CSE 186/Assignment4/src/HeaderContext.jsx">
      <metrics statements="15" coveredstatements="15" conditionals="2" coveredconditionals="2" methods="2" coveredmethods="2"/>
      <line num="1" count="1" type="stmt"/>
      <line num="2" count="1" type="stmt"/>
      <line num="5" count="1" type="stmt"/>
      <line num="8" count="1" type="cond" truecount="1" falsecount="0"/>
      <line num="11" count="1" type="cond" truecount="1" falsecount="0"/>
      <line num="12" count="20" type="stmt"/>
      <line num="13" count="20" type="stmt"/>
      <line num="15" count="20" type="stmt"/>
      <line num="16" count="20" type="stmt"/>
      <line num="17" count="20" type="stmt"/>
      <line num="18" count="20" type="stmt"/>
      <line num="19" count="20" type="stmt"/>
      <line num="21" count="20" type="stmt"/>
      <line num="23" count="1" type="stmt"/>
      <line num="25" count="1" type="stmt"/>
    </file>
    <file name="HeaderDetailsPage.jsx" path="/Users/christopherhein/Desktop/CSE 186/Assignment4/src/HeaderDetailsPage.jsx">
      <metrics statements="87" coveredstatements="87" conditionals="11" coveredconditionals="11" methods="6" coveredmethods="6"/>
      <line num="1" count="1" type="stmt"/>
      <line num="2" count="1" type="stmt"/>
      <line num="3" count="1" type="stmt"/>
      <line num="4" count="1" type="stmt"/>
      <line num="5" count="1" type="stmt"/>
      <line num="6" count="1" type="stmt"/>
      <line num="7" count="1" type="stmt"/>
      <line num="8" count="1" type="stmt"/>
      <line num="9" count="1" type="stmt"/>
      <line num="10" count="1" type="stmt"/>
      <line num="11" count="1" type="stmt"/>
      <line num="12" count="1" type="stmt"/>
      <line num="13" count="1" type="stmt"/>
      <line num="14" count="1" type="stmt"/>
      <line num="15" count="1" type="stmt"/>
      <line num="16" count="1" type="stmt"/>
      <line num="17" count="1" type="stmt"/>
      <line num="18" count="1" type="stmt"/>
      <line num="24" count="27" type="cond" truecount="1" falsecount="0"/>
      <line num="25" count="27" type="stmt"/>
      <line num="26" count="27" type="stmt"/>
      <line num="28" count="27" type="cond" truecount="1" falsecount="0"/>
      <line num="29" count="6" type="stmt"/>
      <line num="30" count="6" type="stmt"/>
      <line num="32" count="27" type="cond" truecount="1" falsecount="0"/>
      <line num="33" count="3" type="stmt"/>
      <line num="34" count="3" type="stmt"/>
      <line num="35" count="3" type="stmt"/>
      <line num="36" count="3" type="stmt"/>
      <line num="38" count="27" type="stmt"/>
      <line num="39" count="27" type="stmt"/>
      <line num="40" count="27" type="stmt"/>
      <line num="41" count="27" type="stmt"/>
      <line num="42" count="27" type="stmt"/>
      <line num="43" count="27" type="cond" truecount="1" falsecount="0"/>
      <line num="45" count="27" type="stmt"/>
      <line num="46" count="27" type="stmt"/>
      <line num="47" count="27" type="stmt"/>
      <line num="48" count="27" type="cond" truecount="2" falsecount="0"/>
      <line num="49" count="27" type="stmt"/>
      <line num="50" count="27" type="stmt"/>
      <line num="52" count="27" type="stmt"/>
      <line num="53" count="27" type="stmt"/>
      <line num="54" count="27" type="stmt"/>
      <line num="55" count="27" type="stmt"/>
      <line num="56" count="27" type="stmt"/>
      <line num="57" count="27" type="stmt"/>
      <line num="58" count="27" type="stmt"/>
      <line num="59" count="27" type="stmt"/>
      <line num="60" count="27" type="stmt"/>
      <line num="61" count="27" type="stmt"/>
      <line num="62" count="27" type="cond" truecount="1" falsecount="0"/>
      <line num="63" count="27" type="stmt"/>
      <line num="64" count="27" type="stmt"/>
      <line num="65" count="27" type="stmt"/>
      <line num="66" count="27" type="stmt"/>
      <line num="68" count="27" type="stmt"/>
      <line num="69" count="27" type="stmt"/>
      <line num="70" count="27" type="stmt"/>
      <line num="72" count="27" type="stmt"/>
      <line num="73" count="27" type="stmt"/>
      <line num="74" count="27" type="stmt"/>
      <line num="75" count="27" type="stmt"/>
      <line num="76" count="27" type="stmt"/>
      <line num="77" count="27" type="stmt"/>
      <line num="79" count="27" type="stmt"/>
      <line num="80" count="27" type="stmt"/>
      <line num="81" count="27" type="stmt"/>
      <line num="82" count="27" type="stmt"/>
      <line num="83" count="27" type="stmt"/>
      <line num="84" count="27" type="stmt"/>
      <line num="85" count="27" type="cond" truecount="1" falsecount="0"/>
      <line num="86" count="81" type="stmt"/>
      <line num="87" count="81" type="cond" truecount="1" falsecount="0"/>
      <line num="88" count="81" type="stmt"/>
      <line num="89" count="81" type="cond" truecount="2" falsecount="0"/>
      <line num="90" count="81" type="stmt"/>
      <line num="91" count="81" type="stmt"/>
      <line num="92" count="81" type="stmt"/>
      <line num="93" count="81" type="stmt"/>
      <line num="94" count="27" type="stmt"/>
      <line num="95" count="27" type="stmt"/>
      <line num="96" count="27" type="stmt"/>
      <line num="97" count="27" type="stmt"/>
      <line num="98" count="27" type="stmt"/>
      <line num="100" count="27" type="stmt"/>
      <line num="102" count="1" type="stmt"/>
    </file>
    <file name="InboxPage.jsx" path="/Users/christopherhein/Desktop/CSE 186/Assignment4/src/InboxPage.jsx">
      <metrics statements="50" coveredstatements="50" conditionals="10" coveredconditionals="10" methods="3" coveredmethods="3"/>
      <line num="1" count="1" type="stmt"/>
      <line num="2" count="1" type="stmt"/>
      <line num="3" count="1" type="stmt"/>
      <line num="4" count="1" type="stmt"/>
      <line num="5" count="1" type="stmt"/>
      <line num="12" count="26" type="cond" truecount="1" falsecount="0"/>
      <line num="13" count="26" type="stmt"/>
      <line num="14" count="26" type="stmt"/>
      <line num="15" count="26" type="stmt"/>
      <line num="16" count="26" type="stmt"/>
      <line num="18" count="26" type="cond" truecount="1" falsecount="0"/>
      <line num="20" count="26" type="cond" truecount="1" falsecount="0"/>
      <line num="21" count="4020" type="stmt"/>
      <line num="22" count="4020" type="stmt"/>
      <line num="23" count="4020" type="stmt"/>
      <line num="24" count="26" type="stmt"/>
      <line num="26" count="26" type="cond" truecount="1" falsecount="0"/>
      <line num="27" count="2690" type="stmt"/>
      <line num="28" count="2690" type="stmt"/>
      <line num="30" count="2690" type="cond" truecount="1" falsecount="0"/>
      <line num="31" count="40" type="stmt"/>
      <line num="32" count="40" type="stmt"/>
      <line num="33" count="2690" type="cond" truecount="2" falsecount="0"/>
      <line num="34" count="90" type="stmt"/>
      <line num="35" count="90" type="stmt"/>
      <line num="36" count="2650" type="cond" truecount="1" falsecount="0"/>
      <line num="37" count="2560" type="stmt"/>
      <line num="38" count="2560" type="stmt"/>
      <line num="39" count="2690" type="stmt"/>
      <line num="41" count="26" type="stmt"/>
      <line num="42" count="26" type="stmt"/>
      <line num="43" count="26" type="cond" truecount="1" falsecount="0"/>
      <line num="44" count="2690" type="stmt"/>
      <line num="45" count="2690" type="cond" truecount="1" falsecount="0"/>
      <line num="46" count="2" type="stmt"/>
      <line num="47" count="2" type="stmt"/>
      <line num="48" count="2" type="stmt"/>
      <line num="49" count="2690" type="stmt"/>
      <line num="50" count="2690" type="stmt"/>
      <line num="51" count="2690" type="stmt"/>
      <line num="52" count="2690" type="stmt"/>
      <line num="53" count="2690" type="stmt"/>
      <line num="54" count="2690" type="stmt"/>
      <line num="55" count="2690" type="stmt"/>
      <line num="56" count="2690" type="stmt"/>
      <line num="57" count="2690" type="stmt"/>
      <line num="58" count="26" type="stmt"/>
      <line num="59" count="26" type="stmt"/>
      <line num="61" count="26" type="stmt"/>
      <line num="63" count="1" type="stmt"/>
    </file>
    <file name="Layout.jsx" path="/Users/christopherhein/Desktop/CSE 186/Assignment4/src/Layout.jsx">
      <metrics statements="16" coveredstatements="16" conditionals="1" coveredconditionals="1" methods="1" coveredmethods="1"/>
      <line num="1" count="1" type="stmt"/>
      <line num="2" count="1" type="stmt"/>
      <line num="3" count="1" type="stmt"/>
      <line num="5" count="1" type="cond" truecount="1" falsecount="0"/>
      <line num="6" count="11" type="stmt"/>
      <line num="7" count="11" type="stmt"/>
      <line num="8" count="11" type="stmt"/>
      <line num="9" count="11" type="stmt"/>
      <line num="10" count="11" type="stmt"/>
      <line num="11" count="11" type="stmt"/>
      <line num="12" count="11" type="stmt"/>
      <line num="14" count="11" type="stmt"/>
      <line num="16" count="1" type="stmt"/>
      <line num="17" count="1" type="stmt"/>
      <line num="18" count="1" type="stmt"/>
      <line num="20" count="1" type="stmt"/>
    </file>
  </project>
</coverage>
