{"/Users/christopherhein/Desktop/CSE 186/Assignment4/src/App.jsx": {"path":"/Users/christopherhein/Desktop/CSE 186/Assignment4/src/App.jsx","all":false,"statementMap":{"0":{"start":{"line":1,"column":0},"end":{"line":1,"column":72}},"1":{"start":{"line":2,"column":0},"end":{"line":2,"column":45}},"2":{"start":{"line":3,"column":0},"end":{"line":3,"column":36}},"3":{"start":{"line":4,"column":0},"end":{"line":4,"column":50}},"4":{"start":{"line":5,"column":0},"end":{"line":5,"column":30}},"5":{"start":{"line":6,"column":0},"end":{"line":6,"column":39}},"11":{"start":{"line":12,"column":0},"end":{"line":12,"column":16}},"12":{"start":{"line":13,"column":0},"end":{"line":13,"column":10}},"13":{"start":{"line":14,"column":0},"end":{"line":14,"column":19}},"14":{"start":{"line":15,"column":0},"end":{"line":15,"column":14}},"15":{"start":{"line":16,"column":0},"end":{"line":16,"column":16}},"16":{"start":{"line":17,"column":0},"end":{"line":17,"column":18}},"17":{"start":{"line":18,"column":0},"end":{"line":18,"column":20}},"18":{"start":{"line":19,"column":0},"end":{"line":19,"column":56}},"19":{"start":{"line":20,"column":0},"end":{"line":20,"column":65}},"20":{"start":{"line":21,"column":0},"end":{"line":21,"column":62}},"21":{"start":{"line":22,"column":0},"end":{"line":22,"column":72}},"22":{"start":{"line":23,"column":0},"end":{"line":23,"column":21}},"23":{"start":{"line":24,"column":0},"end":{"line":24,"column":19}},"24":{"start":{"line":25,"column":0},"end":{"line":25,"column":17}},"25":{"start":{"line":26,"column":0},"end":{"line":26,"column":15}},"26":{"start":{"line":27,"column":0},"end":{"line":27,"column":20}},"28":{"start":{"line":29,"column":0},"end":{"line":29,"column":1}},"30":{"start":{"line":31,"column":0},"end":{"line":31,"column":19}}},"s":{"0":1,"1":1,"2":1,"3":1,"4":1,"5":1,"11":12,"12":12,"13":12,"14":12,"15":12,"16":12,"17":12,"18":12,"19":12,"20":12,"21":12,"22":12,"23":12,"24":12,"25":12,"26":12,"28":12,"30":1},"branchMap":{"0":{"type":"branch","line":12,"loc":{"start":{"line":12,"column":0},"end":{"line":29,"column":1}},"locations":[{"start":{"line":12,"column":0},"end":{"line":29,"column":1}}]}},"b":{"0":[12]},"fnMap":{"0":{"name":"App","decl":{"start":{"line":12,"column":0},"end":{"line":29,"column":1}},"loc":{"start":{"line":12,"column":0},"end":{"line":29,"column":1}},"line":12}},"f":{"0":12}}
,"/Users/christopherhein/Desktop/CSE 186/Assignment4/src/EmailContext.jsx": {"path":"/Users/christopherhein/Desktop/CSE 186/Assignment4/src/EmailContext.jsx","all":false,"statementMap":{"0":{"start":{"line":1,"column":0},"end":{"line":1,"column":58}},"1":{"start":{"line":2,"column":0},"end":{"line":2,"column":35}},"4":{"start":{"line":5,"column":0},"end":{"line":5,"column":37}},"7":{"start":{"line":8,"column":0},"end":{"line":8,"column":55}},"10":{"start":{"line":11,"column":0},"end":{"line":11,"column":46}},"11":{"start":{"line":12,"column":0},"end":{"line":12,"column":43}},"12":{"start":{"line":13,"column":0},"end":{"line":13,"column":59}},"14":{"start":{"line":15,"column":0},"end":{"line":15,"column":10}},"15":{"start":{"line":16,"column":0},"end":{"line":16,"column":53}},"16":{"start":{"line":17,"column":0},"end":{"line":17,"column":40}},"17":{"start":{"line":18,"column":0},"end":{"line":18,"column":16}},"18":{"start":{"line":19,"column":0},"end":{"line":19,"column":28}},"20":{"start":{"line":21,"column":0},"end":{"line":21,"column":2}},"22":{"start":{"line":23,"column":0},"end":{"line":23,"column":27}},"23":{"start":{"line":24,"column":0},"end":{"line":24,"column":38}},"24":{"start":{"line":25,"column":0},"end":{"line":25,"column":2}}},"s":{"0":1,"1":1,"4":1,"7":1,"10":1,"11":14,"12":14,"14":14,"15":14,"16":14,"17":14,"18":14,"20":14,"22":1,"23":1,"24":1},"branchMap":{"0":{"type":"branch","line":8,"loc":{"start":{"line":8,"column":24},"end":{"line":8,"column":55}},"locations":[{"start":{"line":8,"column":24},"end":{"line":8,"column":55}}]},"1":{"type":"branch","line":11,"loc":{"start":{"line":11,"column":29},"end":{"line":21,"column":2}},"locations":[{"start":{"line":11,"column":29},"end":{"line":21,"column":2}}]}},"b":{"0":[30],"1":[14]},"fnMap":{"0":{"name":"useEmail","decl":{"start":{"line":8,"column":24},"end":{"line":8,"column":55}},"loc":{"start":{"line":8,"column":24},"end":{"line":8,"column":55}},"line":8},"1":{"name":"EmailProvider","decl":{"start":{"line":11,"column":29},"end":{"line":21,"column":2}},"loc":{"start":{"line":11,"column":29},"end":{"line":21,"column":2}},"line":11}},"f":{"0":30,"1":14}}
,"/Users/christopherhein/Desktop/CSE 186/Assignment4/src/EmailDetailsPage.jsx": {"path":"/Users/christopherhein/Desktop/CSE 186/Assignment4/src/EmailDetailsPage.jsx","all":false,"statementMap":{"0":{"start":{"line":1,"column":0},"end":{"line":1,"column":45}},"1":{"start":{"line":2,"column":0},"end":{"line":2,"column":32}},"2":{"start":{"line":3,"column":0},"end":{"line":3,"column":40}},"3":{"start":{"line":4,"column":0},"end":{"line":4,"column":36}},"9":{"start":{"line":10,"column":0},"end":{"line":10,"column":29}},"10":{"start":{"line":11,"column":0},"end":{"line":11,"column":37}},"11":{"start":{"line":12,"column":0},"end":{"line":12,"column":33}},"13":{"start":{"line":14,"column":0},"end":{"line":14,"column":19}},"14":{"start":{"line":15,"column":0},"end":{"line":15,"column":25}},"15":{"start":{"line":16,"column":0},"end":{"line":16,"column":20}},"16":{"start":{"line":17,"column":0},"end":{"line":17,"column":5}},"17":{"start":{"line":18,"column":0},"end":{"line":18,"column":32}},"19":{"start":{"line":20,"column":0},"end":{"line":20,"column":23}},"20":{"start":{"line":21,"column":0},"end":{"line":21,"column":16}},"21":{"start":{"line":22,"column":0},"end":{"line":22,"column":3}},"23":{"start":{"line":24,"column":0},"end":{"line":24,"column":10}},"24":{"start":{"line":25,"column":0},"end":{"line":25,"column":9}},"25":{"start":{"line":26,"column":0},"end":{"line":26,"column":76}},"26":{"start":{"line":27,"column":0},"end":{"line":27,"column":69}},"27":{"start":{"line":28,"column":0},"end":{"line":28,"column":47}},"28":{"start":{"line":29,"column":0},"end":{"line":29,"column":36}},"29":{"start":{"line":30,"column":0},"end":{"line":30,"column":36}},"30":{"start":{"line":31,"column":0},"end":{"line":31,"column":10}},"32":{"start":{"line":33,"column":0},"end":{"line":33,"column":1}},"34":{"start":{"line":35,"column":0},"end":{"line":35,"column":32}}},"s":{"0":1,"1":1,"2":1,"3":1,"9":3,"10":3,"11":3,"13":3,"14":3,"15":1,"16":1,"17":3,"19":3,"20":1,"21":1,"23":2,"24":2,"25":2,"26":2,"27":2,"28":2,"29":2,"30":2,"32":2,"34":1},"branchMap":{"0":{"type":"branch","line":10,"loc":{"start":{"line":10,"column":0},"end":{"line":33,"column":1}},"locations":[{"start":{"line":10,"column":0},"end":{"line":33,"column":1}}]},"1":{"type":"branch","line":20,"loc":{"start":{"line":20,"column":22},"end":{"line":22,"column":3}},"locations":[{"start":{"line":20,"column":22},"end":{"line":22,"column":3}}]},"2":{"type":"branch","line":22,"loc":{"start":{"line":22,"column":2},"end":{"line":33,"column":1}},"locations":[{"start":{"line":22,"column":2},"end":{"line":33,"column":1}}]},"3":{"type":"branch","line":14,"loc":{"start":{"line":14,"column":12},"end":{"line":18,"column":5}},"locations":[{"start":{"line":14,"column":12},"end":{"line":18,"column":5}}]},"4":{"type":"branch","line":15,"loc":{"start":{"line":15,"column":24},"end":{"line":17,"column":5}},"locations":[{"start":{"line":15,"column":24},"end":{"line":17,"column":5}}]}},"b":{"0":[3],"1":[1],"2":[2],"3":[3],"4":[1]},"fnMap":{"0":{"name":"EmailDetailsPage","decl":{"start":{"line":10,"column":0},"end":{"line":33,"column":1}},"loc":{"start":{"line":10,"column":0},"end":{"line":33,"column":1}},"line":10}},"f":{"0":3}}
,"/Users/christopherhein/Desktop/CSE 186/Assignment4/src/HeaderContext.jsx": {"path":"/Users/christopherhein/Desktop/CSE 186/Assignment4/src/HeaderContext.jsx","all":false,"statementMap":{"0":{"start":{"line":1,"column":0},"end":{"line":1,"column":58}},"1":{"start":{"line":2,"column":0},"end":{"line":2,"column":35}},"4":{"start":{"line":5,"column":0},"end":{"line":5,"column":38}},"7":{"start":{"line":8,"column":0},"end":{"line":8,"column":57}},"10":{"start":{"line":11,"column":0},"end":{"line":11,"column":39}},"11":{"start":{"line":12,"column":0},"end":{"line":12,"column":50}},"12":{"start":{"line":13,"column":0},"end":{"line":13,"column":54}},"14":{"start":{"line":15,"column":0},"end":{"line":15,"column":10}},"15":{"start":{"line":16,"column":0},"end":{"line":16,"column":56}},"16":{"start":{"line":17,"column":0},"end":{"line":17,"column":34}},"17":{"start":{"line":18,"column":0},"end":{"line":18,"column":16}},"18":{"start":{"line":19,"column":0},"end":{"line":19,"column":29}},"20":{"start":{"line":21,"column":0},"end":{"line":21,"column":2}},"22":{"start":{"line":23,"column":0},"end":{"line":23,"column":57}},"24":{"start":{"line":25,"column":0},"end":{"line":25,"column":22}}},"s":{"0":1,"1":1,"4":1,"7":1,"10":1,"11":21,"12":21,"14":21,"15":21,"16":21,"17":21,"18":21,"20":21,"22":1,"24":1},"branchMap":{"0":{"type":"branch","line":8,"loc":{"start":{"line":8,"column":25},"end":{"line":8,"column":57}},"locations":[{"start":{"line":8,"column":25},"end":{"line":8,"column":57}}]},"1":{"type":"branch","line":11,"loc":{"start":{"line":11,"column":22},"end":{"line":21,"column":2}},"locations":[{"start":{"line":11,"column":22},"end":{"line":21,"column":2}}]}},"b":{"0":[55],"1":[21]},"fnMap":{"0":{"name":"useHeader","decl":{"start":{"line":8,"column":25},"end":{"line":8,"column":57}},"loc":{"start":{"line":8,"column":25},"end":{"line":8,"column":57}},"line":8},"1":{"name":"Header","decl":{"start":{"line":11,"column":22},"end":{"line":21,"column":2}},"loc":{"start":{"line":11,"column":22},"end":{"line":21,"column":2}},"line":11}},"f":{"0":55,"1":21}}
,"/Users/christopherhein/Desktop/CSE 186/Assignment4/src/HeaderDetailsPage.jsx": {"path":"/Users/christopherhein/Desktop/CSE 186/Assignment4/src/HeaderDetailsPage.jsx","all":false,"statementMap":{"0":{"start":{"line":1,"column":0},"end":{"line":1,"column":42}},"1":{"start":{"line":2,"column":0},"end":{"line":2,"column":36}},"2":{"start":{"line":3,"column":0},"end":{"line":3,"column":52}},"3":{"start":{"line":4,"column":0},"end":{"line":4,"column":42}},"4":{"start":{"line":5,"column":0},"end":{"line":5,"column":50}},"5":{"start":{"line":6,"column":0},"end":{"line":6,"column":38}},"6":{"start":{"line":7,"column":0},"end":{"line":7,"column":46}},"7":{"start":{"line":8,"column":0},"end":{"line":8,"column":58}},"8":{"start":{"line":9,"column":0},"end":{"line":9,"column":54}},"9":{"start":{"line":10,"column":0},"end":{"line":10,"column":54}},"10":{"start":{"line":11,"column":0},"end":{"line":11,"column":56}},"11":{"start":{"line":12,"column":0},"end":{"line":12,"column":48}},"12":{"start":{"line":13,"column":0},"end":{"line":13,"column":48}},"13":{"start":{"line":14,"column":0},"end":{"line":14,"column":50}},"14":{"start":{"line":15,"column":0},"end":{"line":15,"column":44}},"15":{"start":{"line":16,"column":0},"end":{"line":16,"column":45}},"16":{"start":{"line":17,"column":0},"end":{"line":17,"column":50}},"17":{"start":{"line":18,"column":0},"end":{"line":18,"column":42}},"23":{"start":{"line":24,"column":0},"end":{"line":24,"column":30}},"24":{"start":{"line":25,"column":0},"end":{"line":25,"column":71}},"25":{"start":{"line":26,"column":0},"end":{"line":26,"column":33}},"27":{"start":{"line":28,"column":0},"end":{"line":28,"column":36}},"28":{"start":{"line":29,"column":0},"end":{"line":29,"column":31}},"29":{"start":{"line":30,"column":0},"end":{"line":30,"column":4}},"31":{"start":{"line":32,"column":0},"end":{"line":32,"column":38}},"32":{"start":{"line":33,"column":0},"end":{"line":33,"column":24}},"33":{"start":{"line":34,"column":0},"end":{"line":34,"column":26}},"34":{"start":{"line":35,"column":0},"end":{"line":35,"column":58}},"35":{"start":{"line":36,"column":0},"end":{"line":36,"column":4}},"37":{"start":{"line":38,"column":0},"end":{"line":38,"column":10}},"38":{"start":{"line":39,"column":0},"end":{"line":39,"column":65}},"39":{"start":{"line":40,"column":0},"end":{"line":40,"column":21}},"40":{"start":{"line":41,"column":0},"end":{"line":41,"column":13}},"41":{"start":{"line":42,"column":0},"end":{"line":42,"column":24}},"42":{"start":{"line":43,"column":0},"end":{"line":43,"column":57}},"44":{"start":{"line":45,"column":0},"end":{"line":45,"column":17}},"45":{"start":{"line":46,"column":0},"end":{"line":46,"column":21}},"46":{"start":{"line":47,"column":0},"end":{"line":47,"column":27}},"47":{"start":{"line":48,"column":0},"end":{"line":48,"column":75}},"48":{"start":{"line":49,"column":0},"end":{"line":49,"column":24}},"49":{"start":{"line":50,"column":0},"end":{"line":50,"column":40}},"51":{"start":{"line":52,"column":0},"end":{"line":52,"column":24}},"52":{"start":{"line":53,"column":0},"end":{"line":53,"column":23}},"53":{"start":{"line":54,"column":0},"end":{"line":54,"column":41}},"54":{"start":{"line":55,"column":0},"end":{"line":55,"column":50}},"55":{"start":{"line":56,"column":0},"end":{"line":56,"column":35}},"56":{"start":{"line":57,"column":0},"end":{"line":57,"column":23}},"57":{"start":{"line":58,"column":0},"end":{"line":58,"column":21}},"58":{"start":{"line":59,"column":0},"end":{"line":59,"column":27}},"59":{"start":{"line":60,"column":0},"end":{"line":60,"column":42}},"60":{"start":{"line":61,"column":0},"end":{"line":61,"column":22}},"61":{"start":{"line":62,"column":0},"end":{"line":62,"column":42}},"62":{"start":{"line":63,"column":0},"end":{"line":63,"column":25}},"63":{"start":{"line":64,"column":0},"end":{"line":64,"column":23}},"64":{"start":{"line":65,"column":0},"end":{"line":65,"column":18}},"65":{"start":{"line":66,"column":0},"end":{"line":66,"column":15}},"67":{"start":{"line":68,"column":0},"end":{"line":68,"column":10}},"68":{"start":{"line":69,"column":0},"end":{"line":69,"column":23}},"69":{"start":{"line":70,"column":0},"end":{"line":70,"column":36}},"71":{"start":{"line":72,"column":0},"end":{"line":72,"column":15}},"72":{"start":{"line":73,"column":0},"end":{"line":73,"column":29}},"73":{"start":{"line":74,"column":0},"end":{"line":74,"column":36}},"74":{"start":{"line":75,"column":0},"end":{"line":75,"column":38}},"75":{"start":{"line":76,"column":0},"end":{"line":76,"column":48}},"76":{"start":{"line":77,"column":0},"end":{"line":77,"column":42}},"78":{"start":{"line":79,"column":0},"end":{"line":79,"column":21}},"79":{"start":{"line":80,"column":0},"end":{"line":80,"column":16}},"80":{"start":{"line":81,"column":0},"end":{"line":81,"column":14}},"81":{"start":{"line":82,"column":0},"end":{"line":82,"column":41}},"82":{"start":{"line":83,"column":0},"end":{"line":83,"column":54}},"83":{"start":{"line":84,"column":0},"end":{"line":84,"column":46}},"84":{"start":{"line":85,"column":0},"end":{"line":85,"column":36}},"85":{"start":{"line":86,"column":0},"end":{"line":86,"column":55}},"86":{"start":{"line":87,"column":0},"end":{"line":87,"column":71}},"87":{"start":{"line":88,"column":0},"end":{"line":88,"column":55}},"88":{"start":{"line":89,"column":0},"end":{"line":89,"column":68}},"89":{"start":{"line":90,"column":0},"end":{"line":90,"column":33}},"90":{"start":{"line":91,"column":0},"end":{"line":91,"column":54}},"91":{"start":{"line":92,"column":0},"end":{"line":92,"column":33}},"92":{"start":{"line":93,"column":0},"end":{"line":93,"column":25}},"93":{"start":{"line":94,"column":0},"end":{"line":94,"column":15}},"94":{"start":{"line":95,"column":0},"end":{"line":95,"column":17}},"95":{"start":{"line":96,"column":0},"end":{"line":96,"column":17}},"96":{"start":{"line":97,"column":0},"end":{"line":97,"column":12}},"97":{"start":{"line":98,"column":0},"end":{"line":98,"column":10}},"99":{"start":{"line":100,"column":0},"end":{"line":100,"column":1}},"101":{"start":{"line":102,"column":0},"end":{"line":102,"column":33}}},"s":{"0":1,"1":1,"2":1,"3":1,"4":1,"5":1,"6":1,"7":1,"8":1,"9":1,"10":1,"11":1,"12":1,"13":1,"14":1,"15":1,"16":1,"17":1,"23":28,"24":28,"25":28,"27":28,"28":6,"29":6,"31":28,"32":3,"33":3,"34":3,"35":3,"37":28,"38":28,"39":28,"40":28,"41":28,"42":28,"44":28,"45":28,"46":28,"47":28,"48":28,"49":28,"51":28,"52":28,"53":28,"54":28,"55":28,"56":28,"57":28,"58":28,"59":28,"60":28,"61":28,"62":28,"63":28,"64":28,"65":28,"67":28,"68":28,"69":28,"71":28,"72":28,"73":28,"74":28,"75":28,"76":28,"78":28,"79":28,"80":28,"81":28,"82":28,"83":28,"84":28,"85":84,"86":84,"87":84,"88":84,"89":84,"90":84,"91":84,"92":84,"93":28,"94":28,"95":28,"96":28,"97":28,"99":28,"101":1},"branchMap":{"0":{"type":"branch","line":24,"loc":{"start":{"line":24,"column":0},"end":{"line":100,"column":1}},"locations":[{"start":{"line":24,"column":0},"end":{"line":100,"column":1}}]},"1":{"type":"branch","line":48,"loc":{"start":{"line":48,"column":26},"end":{"line":48,"column":58}},"locations":[{"start":{"line":48,"column":26},"end":{"line":48,"column":58}}]},"2":{"type":"branch","line":48,"loc":{"start":{"line":48,"column":39},"end":{"line":48,"column":75}},"locations":[{"start":{"line":48,"column":39},"end":{"line":48,"column":75}}]},"3":{"type":"branch","line":28,"loc":{"start":{"line":28,"column":29},"end":{"line":30,"column":4}},"locations":[{"start":{"line":28,"column":29},"end":{"line":30,"column":4}}]},"4":{"type":"branch","line":32,"loc":{"start":{"line":32,"column":27},"end":{"line":36,"column":4}},"locations":[{"start":{"line":32,"column":27},"end":{"line":36,"column":4}}]},"5":{"type":"branch","line":43,"loc":{"start":{"line":43,"column":21},"end":{"line":43,"column":55}},"locations":[{"start":{"line":43,"column":21},"end":{"line":43,"column":55}}]},"6":{"type":"branch","line":62,"loc":{"start":{"line":62,"column":21},"end":{"line":62,"column":42}},"locations":[{"start":{"line":62,"column":21},"end":{"line":62,"column":42}}]},"7":{"type":"branch","line":85,"loc":{"start":{"line":85,"column":18},"end":{"line":93,"column":25}},"locations":[{"start":{"line":85,"column":18},"end":{"line":93,"column":25}}]},"8":{"type":"branch","line":89,"loc":{"start":{"line":89,"column":35},"end":{"line":89,"column":55}},"locations":[{"start":{"line":89,"column":35},"end":{"line":89,"column":55}}]},"9":{"type":"branch","line":89,"loc":{"start":{"line":89,"column":50},"end":{"line":89,"column":68}},"locations":[{"start":{"line":89,"column":50},"end":{"line":89,"column":68}}]},"10":{"type":"branch","line":87,"loc":{"start":{"line":87,"column":41},"end":{"line":87,"column":71}},"locations":[{"start":{"line":87,"column":41},"end":{"line":87,"column":71}}]}},"b":{"0":[28],"1":[5],"2":[23],"3":[6],"4":[3],"5":[28],"6":[1],"7":[84],"8":[56],"9":[28],"10":[3]},"fnMap":{"0":{"name":"HeaderDetailsPage","decl":{"start":{"line":24,"column":0},"end":{"line":100,"column":1}},"loc":{"start":{"line":24,"column":0},"end":{"line":100,"column":1}},"line":24},"1":{"name":"handleDrawerToggle","decl":{"start":{"line":28,"column":29},"end":{"line":30,"column":4}},"loc":{"start":{"line":28,"column":29},"end":{"line":30,"column":4}},"line":28},"2":{"name":"handleNavigation","decl":{"start":{"line":32,"column":27},"end":{"line":36,"column":4}},"loc":{"start":{"line":32,"column":27},"end":{"line":36,"column":4}},"line":32},"3":{"name":"zIndex","decl":{"start":{"line":43,"column":21},"end":{"line":43,"column":55}},"loc":{"start":{"line":43,"column":21},"end":{"line":43,"column":55}},"line":43},"4":{"name":"onClick","decl":{"start":{"line":62,"column":21},"end":{"line":62,"column":42}},"loc":{"start":{"line":62,"column":21},"end":{"line":62,"column":42}},"line":62},"5":{"name":"onClick","decl":{"start":{"line":87,"column":41},"end":{"line":87,"column":71}},"loc":{"start":{"line":87,"column":41},"end":{"line":87,"column":71}},"line":87}},"f":{"0":28,"1":6,"2":3,"3":28,"4":1,"5":3}}
,"/Users/christopherhein/Desktop/CSE 186/Assignment4/src/InboxPage.jsx": {"path":"/Users/christopherhein/Desktop/CSE 186/Assignment4/src/InboxPage.jsx","all":false,"statementMap":{"0":{"start":{"line":1,"column":0},"end":{"line":1,"column":45}},"1":{"start":{"line":2,"column":0},"end":{"line":2,"column":40}},"2":{"start":{"line":3,"column":0},"end":{"line":3,"column":36}},"3":{"start":{"line":4,"column":0},"end":{"line":4,"column":42}},"4":{"start":{"line":5,"column":0},"end":{"line":5,"column":36}},"11":{"start":{"line":12,"column":0},"end":{"line":12,"column":22}},"12":{"start":{"line":13,"column":0},"end":{"line":13,"column":43}},"13":{"start":{"line":14,"column":0},"end":{"line":14,"column":40}},"14":{"start":{"line":15,"column":0},"end":{"line":15,"column":32}},"15":{"start":{"line":16,"column":0},"end":{"line":16,"column":33}},"17":{"start":{"line":18,"column":0},"end":{"line":18,"column":57}},"19":{"start":{"line":20,"column":0},"end":{"line":20,"column":10}},"20":{"start":{"line":21,"column":0},"end":{"line":21,"column":72}},"21":{"start":{"line":22,"column":0},"end":{"line":22,"column":13}},"22":{"start":{"line":23,"column":0},"end":{"line":23,"column":15}},"23":{"start":{"line":24,"column":0},"end":{"line":24,"column":42}},"24":{"start":{"line":25,"column":0},"end":{"line":25,"column":30}},"25":{"start":{"line":26,"column":0},"end":{"line":26,"column":32}},"26":{"start":{"line":27,"column":0},"end":{"line":27,"column":40}},"27":{"start":{"line":28,"column":0},"end":{"line":28,"column":47}},"28":{"start":{"line":29,"column":0},"end":{"line":29,"column":16}},"29":{"start":{"line":30,"column":0},"end":{"line":30,"column":42}},"30":{"start":{"line":31,"column":0},"end":{"line":31,"column":40}},"31":{"start":{"line":32,"column":0},"end":{"line":32,"column":38}},"32":{"start":{"line":33,"column":0},"end":{"line":33,"column":39}},"33":{"start":{"line":34,"column":0},"end":{"line":34,"column":17}},"35":{"start":{"line":36,"column":0},"end":{"line":36,"column":12}},"36":{"start":{"line":37,"column":0},"end":{"line":37,"column":16}},"37":{"start":{"line":38,"column":0},"end":{"line":38,"column":14}},"38":{"start":{"line":39,"column":0},"end":{"line":39,"column":10}},"40":{"start":{"line":41,"column":0},"end":{"line":41,"column":1}},"42":{"start":{"line":43,"column":0},"end":{"line":43,"column":25}}},"s":{"0":1,"1":1,"2":1,"3":1,"4":1,"11":27,"12":27,"13":27,"14":27,"15":27,"17":27,"19":27,"20":27,"21":27,"22":27,"23":27,"24":2794,"25":2794,"26":2,"27":2,"28":2,"29":2794,"30":2794,"31":2794,"32":2794,"33":2794,"35":27,"36":27,"37":27,"38":27,"40":27,"42":1},"branchMap":{"0":{"type":"branch","line":12,"loc":{"start":{"line":12,"column":0},"end":{"line":41,"column":1}},"locations":[{"start":{"line":12,"column":0},"end":{"line":41,"column":1}}]},"1":{"type":"branch","line":18,"loc":{"start":{"line":18,"column":30},"end":{"line":18,"column":55}},"locations":[{"start":{"line":18,"column":30},"end":{"line":18,"column":55}}]},"2":{"type":"branch","line":24,"loc":{"start":{"line":24,"column":30},"end":{"line":34,"column":17}},"locations":[{"start":{"line":24,"column":30},"end":{"line":34,"column":17}}]},"3":{"type":"branch","line":26,"loc":{"start":{"line":26,"column":25},"end":{"line":29,"column":16}},"locations":[{"start":{"line":26,"column":25},"end":{"line":29,"column":16}}]}},"b":{"0":[27],"1":[37],"2":[2794],"3":[2]},"fnMap":{"0":{"name":"InboxPage","decl":{"start":{"line":12,"column":0},"end":{"line":41,"column":1}},"loc":{"start":{"line":12,"column":0},"end":{"line":41,"column":1}},"line":12},"1":{"name":"onClick","decl":{"start":{"line":26,"column":25},"end":{"line":29,"column":16}},"loc":{"start":{"line":26,"column":25},"end":{"line":29,"column":16}},"line":26}},"f":{"0":27,"1":2}}
,"/Users/christopherhein/Desktop/CSE 186/Assignment4/src/Layout.jsx": {"path":"/Users/christopherhein/Desktop/CSE 186/Assignment4/src/Layout.jsx","all":false,"statementMap":{"0":{"start":{"line":1,"column":0},"end":{"line":1,"column":34}},"1":{"start":{"line":2,"column":0},"end":{"line":2,"column":52}},"2":{"start":{"line":3,"column":0},"end":{"line":3,"column":35}},"4":{"start":{"line":5,"column":0},"end":{"line":5,"column":32}},"5":{"start":{"line":6,"column":0},"end":{"line":6,"column":10}},"6":{"start":{"line":7,"column":0},"end":{"line":7,"column":32}},"7":{"start":{"line":8,"column":0},"end":{"line":8,"column":27}},"8":{"start":{"line":9,"column":0},"end":{"line":9,"column":53}},"9":{"start":{"line":10,"column":0},"end":{"line":10,"column":18}},"10":{"start":{"line":11,"column":0},"end":{"line":11,"column":12}},"11":{"start":{"line":12,"column":0},"end":{"line":12,"column":10}},"13":{"start":{"line":14,"column":0},"end":{"line":14,"column":2}},"15":{"start":{"line":16,"column":0},"end":{"line":16,"column":20}},"16":{"start":{"line":17,"column":0},"end":{"line":17,"column":38}},"17":{"start":{"line":18,"column":0},"end":{"line":18,"column":2}},"19":{"start":{"line":20,"column":0},"end":{"line":20,"column":22}}},"s":{"0":1,"1":1,"2":1,"4":1,"5":12,"6":12,"7":12,"8":12,"9":12,"10":12,"11":12,"13":12,"15":1,"16":1,"17":1,"19":1},"branchMap":{"0":{"type":"branch","line":5,"loc":{"start":{"line":5,"column":15},"end":{"line":14,"column":2}},"locations":[{"start":{"line":5,"column":15},"end":{"line":14,"column":2}}]}},"b":{"0":[12]},"fnMap":{"0":{"name":"Layout","decl":{"start":{"line":5,"column":15},"end":{"line":14,"column":2}},"loc":{"start":{"line":5,"column":15},"end":{"line":14,"column":2}},"line":5}},"f":{"0":12}}
}
