{"/Users/christopherhein/Desktop/CSE 186/Assignment4/src/App.jsx": {"path":"/Users/christopherhein/Desktop/CSE 186/Assignment4/src/App.jsx","all":false,"statementMap":{"0":{"start":{"line":1,"column":0},"end":{"line":1,"column":72}},"1":{"start":{"line":2,"column":0},"end":{"line":2,"column":45}},"2":{"start":{"line":3,"column":0},"end":{"line":3,"column":36}},"3":{"start":{"line":4,"column":0},"end":{"line":4,"column":50}},"4":{"start":{"line":5,"column":0},"end":{"line":5,"column":30}},"5":{"start":{"line":6,"column":0},"end":{"line":6,"column":39}},"11":{"start":{"line":12,"column":0},"end":{"line":12,"column":16}},"12":{"start":{"line":13,"column":0},"end":{"line":13,"column":10}},"13":{"start":{"line":14,"column":0},"end":{"line":14,"column":19}},"14":{"start":{"line":15,"column":0},"end":{"line":15,"column":14}},"15":{"start":{"line":16,"column":0},"end":{"line":16,"column":16}},"16":{"start":{"line":17,"column":0},"end":{"line":17,"column":18}},"17":{"start":{"line":18,"column":0},"end":{"line":18,"column":20}},"18":{"start":{"line":19,"column":0},"end":{"line":19,"column":56}},"19":{"start":{"line":20,"column":0},"end":{"line":20,"column":65}},"20":{"start":{"line":21,"column":0},"end":{"line":21,"column":62}},"21":{"start":{"line":22,"column":0},"end":{"line":22,"column":72}},"22":{"start":{"line":23,"column":0},"end":{"line":23,"column":21}},"23":{"start":{"line":24,"column":0},"end":{"line":24,"column":19}},"24":{"start":{"line":25,"column":0},"end":{"line":25,"column":17}},"25":{"start":{"line":26,"column":0},"end":{"line":26,"column":15}},"26":{"start":{"line":27,"column":0},"end":{"line":27,"column":20}},"28":{"start":{"line":29,"column":0},"end":{"line":29,"column":1}},"30":{"start":{"line":31,"column":0},"end":{"line":31,"column":19}}},"s":{"0":1,"1":1,"2":1,"3":1,"4":1,"5":1,"11":11,"12":11,"13":11,"14":11,"15":11,"16":11,"17":11,"18":11,"19":11,"20":11,"21":11,"22":11,"23":11,"24":11,"25":11,"26":11,"28":11,"30":1},"branchMap":{"0":{"type":"branch","line":12,"loc":{"start":{"line":12,"column":0},"end":{"line":29,"column":1}},"locations":[{"start":{"line":12,"column":0},"end":{"line":29,"column":1}}]}},"b":{"0":[11]},"fnMap":{"0":{"name":"App","decl":{"start":{"line":12,"column":0},"end":{"line":29,"column":1}},"loc":{"start":{"line":12,"column":0},"end":{"line":29,"column":1}},"line":12}},"f":{"0":11}}
,"/Users/christopherhein/Desktop/CSE 186/Assignment4/src/EmailContext.jsx": {"path":"/Users/christopherhein/Desktop/CSE 186/Assignment4/src/EmailContext.jsx","all":false,"statementMap":{"0":{"start":{"line":1,"column":0},"end":{"line":1,"column":58}},"1":{"start":{"line":2,"column":0},"end":{"line":2,"column":35}},"4":{"start":{"line":5,"column":0},"end":{"line":5,"column":37}},"7":{"start":{"line":8,"column":0},"end":{"line":8,"column":55}},"10":{"start":{"line":11,"column":0},"end":{"line":11,"column":46}},"11":{"start":{"line":12,"column":0},"end":{"line":12,"column":43}},"12":{"start":{"line":13,"column":0},"end":{"line":13,"column":59}},"14":{"start":{"line":15,"column":0},"end":{"line":15,"column":10}},"15":{"start":{"line":16,"column":0},"end":{"line":16,"column":53}},"16":{"start":{"line":17,"column":0},"end":{"line":17,"column":40}},"17":{"start":{"line":18,"column":0},"end":{"line":18,"column":16}},"18":{"start":{"line":19,"column":0},"end":{"line":19,"column":28}},"20":{"start":{"line":21,"column":0},"end":{"line":21,"column":2}},"22":{"start":{"line":23,"column":0},"end":{"line":23,"column":27}},"23":{"start":{"line":24,"column":0},"end":{"line":24,"column":38}},"24":{"start":{"line":25,"column":0},"end":{"line":25,"column":2}},"26":{"start":{"line":27,"column":0},"end":{"line":27,"column":29}}},"s":{"0":1,"1":1,"4":1,"7":1,"10":1,"11":13,"12":13,"14":13,"15":13,"16":13,"17":13,"18":13,"20":13,"22":1,"23":1,"24":1,"26":1},"branchMap":{"0":{"type":"branch","line":8,"loc":{"start":{"line":8,"column":24},"end":{"line":8,"column":55}},"locations":[{"start":{"line":8,"column":24},"end":{"line":8,"column":55}}]},"1":{"type":"branch","line":11,"loc":{"start":{"line":11,"column":29},"end":{"line":21,"column":2}},"locations":[{"start":{"line":11,"column":29},"end":{"line":21,"column":2}}]}},"b":{"0":[29],"1":[13]},"fnMap":{"0":{"name":"useEmail","decl":{"start":{"line":8,"column":24},"end":{"line":8,"column":55}},"loc":{"start":{"line":8,"column":24},"end":{"line":8,"column":55}},"line":8},"1":{"name":"EmailProvider","decl":{"start":{"line":11,"column":29},"end":{"line":21,"column":2}},"loc":{"start":{"line":11,"column":29},"end":{"line":21,"column":2}},"line":11}},"f":{"0":29,"1":13}}
,"/Users/christopherhein/Desktop/CSE 186/Assignment4/src/EmailDetailsPage.jsx": {"path":"/Users/christopherhein/Desktop/CSE 186/Assignment4/src/EmailDetailsPage.jsx","all":false,"statementMap":{"0":{"start":{"line":1,"column":0},"end":{"line":1,"column":45}},"1":{"start":{"line":2,"column":0},"end":{"line":2,"column":32}},"2":{"start":{"line":3,"column":0},"end":{"line":3,"column":40}},"3":{"start":{"line":4,"column":0},"end":{"line":4,"column":36}},"9":{"start":{"line":10,"column":0},"end":{"line":10,"column":29}},"10":{"start":{"line":11,"column":0},"end":{"line":11,"column":37}},"11":{"start":{"line":12,"column":0},"end":{"line":12,"column":33}},"13":{"start":{"line":14,"column":0},"end":{"line":14,"column":19}},"14":{"start":{"line":15,"column":0},"end":{"line":15,"column":25}},"15":{"start":{"line":16,"column":0},"end":{"line":16,"column":20}},"16":{"start":{"line":17,"column":0},"end":{"line":17,"column":5}},"17":{"start":{"line":18,"column":0},"end":{"line":18,"column":32}},"19":{"start":{"line":20,"column":0},"end":{"line":20,"column":23}},"20":{"start":{"line":21,"column":0},"end":{"line":21,"column":16}},"21":{"start":{"line":22,"column":0},"end":{"line":22,"column":3}},"23":{"start":{"line":24,"column":0},"end":{"line":24,"column":10}},"24":{"start":{"line":25,"column":0},"end":{"line":25,"column":9}},"25":{"start":{"line":26,"column":0},"end":{"line":26,"column":76}},"26":{"start":{"line":27,"column":0},"end":{"line":27,"column":69}},"27":{"start":{"line":28,"column":0},"end":{"line":28,"column":47}},"28":{"start":{"line":29,"column":0},"end":{"line":29,"column":36}},"29":{"start":{"line":30,"column":0},"end":{"line":30,"column":36}},"30":{"start":{"line":31,"column":0},"end":{"line":31,"column":10}},"32":{"start":{"line":33,"column":0},"end":{"line":33,"column":1}},"34":{"start":{"line":35,"column":0},"end":{"line":35,"column":32}}},"s":{"0":1,"1":1,"2":1,"3":1,"9":3,"10":3,"11":3,"13":3,"14":3,"15":1,"16":1,"17":3,"19":3,"20":1,"21":1,"23":2,"24":2,"25":2,"26":2,"27":2,"28":2,"29":2,"30":2,"32":2,"34":1},"branchMap":{"0":{"type":"branch","line":10,"loc":{"start":{"line":10,"column":0},"end":{"line":33,"column":1}},"locations":[{"start":{"line":10,"column":0},"end":{"line":33,"column":1}}]},"1":{"type":"branch","line":20,"loc":{"start":{"line":20,"column":22},"end":{"line":22,"column":3}},"locations":[{"start":{"line":20,"column":22},"end":{"line":22,"column":3}}]},"2":{"type":"branch","line":22,"loc":{"start":{"line":22,"column":2},"end":{"line":33,"column":1}},"locations":[{"start":{"line":22,"column":2},"end":{"line":33,"column":1}}]},"3":{"type":"branch","line":14,"loc":{"start":{"line":14,"column":12},"end":{"line":18,"column":5}},"locations":[{"start":{"line":14,"column":12},"end":{"line":18,"column":5}}]},"4":{"type":"branch","line":15,"loc":{"start":{"line":15,"column":24},"end":{"line":17,"column":5}},"locations":[{"start":{"line":15,"column":24},"end":{"line":17,"column":5}}]}},"b":{"0":[3],"1":[1],"2":[2],"3":[3],"4":[1]},"fnMap":{"0":{"name":"EmailDetailsPage","decl":{"start":{"line":10,"column":0},"end":{"line":33,"column":1}},"loc":{"start":{"line":10,"column":0},"end":{"line":33,"column":1}},"line":10}},"f":{"0":3}}
,"/Users/christopherhein/Desktop/CSE 186/Assignment4/src/HeaderContext.jsx": {"path":"/Users/christopherhein/Desktop/CSE 186/Assignment4/src/HeaderContext.jsx","all":false,"statementMap":{"0":{"start":{"line":1,"column":0},"end":{"line":1,"column":58}},"1":{"start":{"line":2,"column":0},"end":{"line":2,"column":35}},"4":{"start":{"line":5,"column":0},"end":{"line":5,"column":38}},"7":{"start":{"line":8,"column":0},"end":{"line":8,"column":57}},"10":{"start":{"line":11,"column":0},"end":{"line":11,"column":39}},"11":{"start":{"line":12,"column":0},"end":{"line":12,"column":50}},"12":{"start":{"line":13,"column":0},"end":{"line":13,"column":54}},"14":{"start":{"line":15,"column":0},"end":{"line":15,"column":10}},"15":{"start":{"line":16,"column":0},"end":{"line":16,"column":56}},"16":{"start":{"line":17,"column":0},"end":{"line":17,"column":34}},"17":{"start":{"line":18,"column":0},"end":{"line":18,"column":16}},"18":{"start":{"line":19,"column":0},"end":{"line":19,"column":29}},"20":{"start":{"line":21,"column":0},"end":{"line":21,"column":2}},"22":{"start":{"line":23,"column":0},"end":{"line":23,"column":57}},"24":{"start":{"line":25,"column":0},"end":{"line":25,"column":22}}},"s":{"0":1,"1":1,"4":1,"7":1,"10":1,"11":20,"12":20,"14":20,"15":20,"16":20,"17":20,"18":20,"20":20,"22":1,"24":1},"branchMap":{"0":{"type":"branch","line":8,"loc":{"start":{"line":8,"column":25},"end":{"line":8,"column":57}},"locations":[{"start":{"line":8,"column":25},"end":{"line":8,"column":57}}]},"1":{"type":"branch","line":11,"loc":{"start":{"line":11,"column":22},"end":{"line":21,"column":2}},"locations":[{"start":{"line":11,"column":22},"end":{"line":21,"column":2}}]}},"b":{"0":[53],"1":[20]},"fnMap":{"0":{"name":"useHeader","decl":{"start":{"line":8,"column":25},"end":{"line":8,"column":57}},"loc":{"start":{"line":8,"column":25},"end":{"line":8,"column":57}},"line":8},"1":{"name":"Header","decl":{"start":{"line":11,"column":22},"end":{"line":21,"column":2}},"loc":{"start":{"line":11,"column":22},"end":{"line":21,"column":2}},"line":11}},"f":{"0":53,"1":20}}
,"/Users/christopherhein/Desktop/CSE 186/Assignment4/src/HeaderDetailsPage.jsx": {"path":"/Users/christopherhein/Desktop/CSE 186/Assignment4/src/HeaderDetailsPage.jsx","all":false,"statementMap":{"0":{"start":{"line":1,"column":0},"end":{"line":1,"column":42}},"1":{"start":{"line":2,"column":0},"end":{"line":2,"column":36}},"2":{"start":{"line":3,"column":0},"end":{"line":3,"column":52}},"3":{"start":{"line":4,"column":0},"end":{"line":4,"column":42}},"4":{"start":{"line":5,"column":0},"end":{"line":5,"column":50}},"5":{"start":{"line":6,"column":0},"end":{"line":6,"column":38}},"6":{"start":{"line":7,"column":0},"end":{"line":7,"column":46}},"7":{"start":{"line":8,"column":0},"end":{"line":8,"column":58}},"8":{"start":{"line":9,"column":0},"end":{"line":9,"column":54}},"9":{"start":{"line":10,"column":0},"end":{"line":10,"column":54}},"10":{"start":{"line":11,"column":0},"end":{"line":11,"column":56}},"11":{"start":{"line":12,"column":0},"end":{"line":12,"column":48}},"12":{"start":{"line":13,"column":0},"end":{"line":13,"column":48}},"13":{"start":{"line":14,"column":0},"end":{"line":14,"column":50}},"14":{"start":{"line":15,"column":0},"end":{"line":15,"column":44}},"15":{"start":{"line":16,"column":0},"end":{"line":16,"column":45}},"16":{"start":{"line":17,"column":0},"end":{"line":17,"column":50}},"17":{"start":{"line":18,"column":0},"end":{"line":18,"column":42}},"23":{"start":{"line":24,"column":0},"end":{"line":24,"column":30}},"24":{"start":{"line":25,"column":0},"end":{"line":25,"column":71}},"25":{"start":{"line":26,"column":0},"end":{"line":26,"column":33}},"27":{"start":{"line":28,"column":0},"end":{"line":28,"column":36}},"28":{"start":{"line":29,"column":0},"end":{"line":29,"column":31}},"29":{"start":{"line":30,"column":0},"end":{"line":30,"column":4}},"31":{"start":{"line":32,"column":0},"end":{"line":32,"column":38}},"32":{"start":{"line":33,"column":0},"end":{"line":33,"column":24}},"33":{"start":{"line":34,"column":0},"end":{"line":34,"column":26}},"34":{"start":{"line":35,"column":0},"end":{"line":35,"column":58}},"35":{"start":{"line":36,"column":0},"end":{"line":36,"column":4}},"37":{"start":{"line":38,"column":0},"end":{"line":38,"column":10}},"38":{"start":{"line":39,"column":0},"end":{"line":39,"column":65}},"39":{"start":{"line":40,"column":0},"end":{"line":40,"column":21}},"40":{"start":{"line":41,"column":0},"end":{"line":41,"column":13}},"41":{"start":{"line":42,"column":0},"end":{"line":42,"column":24}},"42":{"start":{"line":43,"column":0},"end":{"line":43,"column":57}},"44":{"start":{"line":45,"column":0},"end":{"line":45,"column":17}},"45":{"start":{"line":46,"column":0},"end":{"line":46,"column":21}},"46":{"start":{"line":47,"column":0},"end":{"line":47,"column":27}},"47":{"start":{"line":48,"column":0},"end":{"line":48,"column":75}},"48":{"start":{"line":49,"column":0},"end":{"line":49,"column":24}},"49":{"start":{"line":50,"column":0},"end":{"line":50,"column":40}},"51":{"start":{"line":52,"column":0},"end":{"line":52,"column":24}},"52":{"start":{"line":53,"column":0},"end":{"line":53,"column":23}},"53":{"start":{"line":54,"column":0},"end":{"line":54,"column":41}},"54":{"start":{"line":55,"column":0},"end":{"line":55,"column":50}},"55":{"start":{"line":56,"column":0},"end":{"line":56,"column":35}},"56":{"start":{"line":57,"column":0},"end":{"line":57,"column":23}},"57":{"start":{"line":58,"column":0},"end":{"line":58,"column":21}},"58":{"start":{"line":59,"column":0},"end":{"line":59,"column":27}},"59":{"start":{"line":60,"column":0},"end":{"line":60,"column":42}},"60":{"start":{"line":61,"column":0},"end":{"line":61,"column":22}},"61":{"start":{"line":62,"column":0},"end":{"line":62,"column":42}},"62":{"start":{"line":63,"column":0},"end":{"line":63,"column":25}},"63":{"start":{"line":64,"column":0},"end":{"line":64,"column":23}},"64":{"start":{"line":65,"column":0},"end":{"line":65,"column":18}},"65":{"start":{"line":66,"column":0},"end":{"line":66,"column":15}},"67":{"start":{"line":68,"column":0},"end":{"line":68,"column":10}},"68":{"start":{"line":69,"column":0},"end":{"line":69,"column":23}},"69":{"start":{"line":70,"column":0},"end":{"line":70,"column":36}},"71":{"start":{"line":72,"column":0},"end":{"line":72,"column":15}},"72":{"start":{"line":73,"column":0},"end":{"line":73,"column":29}},"73":{"start":{"line":74,"column":0},"end":{"line":74,"column":36}},"74":{"start":{"line":75,"column":0},"end":{"line":75,"column":38}},"75":{"start":{"line":76,"column":0},"end":{"line":76,"column":48}},"76":{"start":{"line":77,"column":0},"end":{"line":77,"column":42}},"78":{"start":{"line":79,"column":0},"end":{"line":79,"column":21}},"79":{"start":{"line":80,"column":0},"end":{"line":80,"column":16}},"80":{"start":{"line":81,"column":0},"end":{"line":81,"column":14}},"81":{"start":{"line":82,"column":0},"end":{"line":82,"column":41}},"82":{"start":{"line":83,"column":0},"end":{"line":83,"column":54}},"83":{"start":{"line":84,"column":0},"end":{"line":84,"column":46}},"84":{"start":{"line":85,"column":0},"end":{"line":85,"column":36}},"85":{"start":{"line":86,"column":0},"end":{"line":86,"column":55}},"86":{"start":{"line":87,"column":0},"end":{"line":87,"column":71}},"87":{"start":{"line":88,"column":0},"end":{"line":88,"column":55}},"88":{"start":{"line":89,"column":0},"end":{"line":89,"column":68}},"89":{"start":{"line":90,"column":0},"end":{"line":90,"column":33}},"90":{"start":{"line":91,"column":0},"end":{"line":91,"column":54}},"91":{"start":{"line":92,"column":0},"end":{"line":92,"column":33}},"92":{"start":{"line":93,"column":0},"end":{"line":93,"column":25}},"93":{"start":{"line":94,"column":0},"end":{"line":94,"column":15}},"94":{"start":{"line":95,"column":0},"end":{"line":95,"column":17}},"95":{"start":{"line":96,"column":0},"end":{"line":96,"column":17}},"96":{"start":{"line":97,"column":0},"end":{"line":97,"column":12}},"97":{"start":{"line":98,"column":0},"end":{"line":98,"column":10}},"99":{"start":{"line":100,"column":0},"end":{"line":100,"column":1}},"101":{"start":{"line":102,"column":0},"end":{"line":102,"column":33}}},"s":{"0":1,"1":1,"2":1,"3":1,"4":1,"5":1,"6":1,"7":1,"8":1,"9":1,"10":1,"11":1,"12":1,"13":1,"14":1,"15":1,"16":1,"17":1,"23":27,"24":27,"25":27,"27":27,"28":6,"29":6,"31":27,"32":3,"33":3,"34":3,"35":3,"37":27,"38":27,"39":27,"40":27,"41":27,"42":27,"44":27,"45":27,"46":27,"47":27,"48":27,"49":27,"51":27,"52":27,"53":27,"54":27,"55":27,"56":27,"57":27,"58":27,"59":27,"60":27,"61":27,"62":27,"63":27,"64":27,"65":27,"67":27,"68":27,"69":27,"71":27,"72":27,"73":27,"74":27,"75":27,"76":27,"78":27,"79":27,"80":27,"81":27,"82":27,"83":27,"84":27,"85":81,"86":81,"87":81,"88":81,"89":81,"90":81,"91":81,"92":81,"93":27,"94":27,"95":27,"96":27,"97":27,"99":27,"101":1},"branchMap":{"0":{"type":"branch","line":24,"loc":{"start":{"line":24,"column":0},"end":{"line":100,"column":1}},"locations":[{"start":{"line":24,"column":0},"end":{"line":100,"column":1}}]},"1":{"type":"branch","line":48,"loc":{"start":{"line":48,"column":26},"end":{"line":48,"column":58}},"locations":[{"start":{"line":48,"column":26},"end":{"line":48,"column":58}}]},"2":{"type":"branch","line":48,"loc":{"start":{"line":48,"column":39},"end":{"line":48,"column":75}},"locations":[{"start":{"line":48,"column":39},"end":{"line":48,"column":75}}]},"3":{"type":"branch","line":28,"loc":{"start":{"line":28,"column":29},"end":{"line":30,"column":4}},"locations":[{"start":{"line":28,"column":29},"end":{"line":30,"column":4}}]},"4":{"type":"branch","line":32,"loc":{"start":{"line":32,"column":27},"end":{"line":36,"column":4}},"locations":[{"start":{"line":32,"column":27},"end":{"line":36,"column":4}}]},"5":{"type":"branch","line":43,"loc":{"start":{"line":43,"column":21},"end":{"line":43,"column":55}},"locations":[{"start":{"line":43,"column":21},"end":{"line":43,"column":55}}]},"6":{"type":"branch","line":62,"loc":{"start":{"line":62,"column":21},"end":{"line":62,"column":42}},"locations":[{"start":{"line":62,"column":21},"end":{"line":62,"column":42}}]},"7":{"type":"branch","line":85,"loc":{"start":{"line":85,"column":18},"end":{"line":93,"column":25}},"locations":[{"start":{"line":85,"column":18},"end":{"line":93,"column":25}}]},"8":{"type":"branch","line":89,"loc":{"start":{"line":89,"column":35},"end":{"line":89,"column":55}},"locations":[{"start":{"line":89,"column":35},"end":{"line":89,"column":55}}]},"9":{"type":"branch","line":89,"loc":{"start":{"line":89,"column":50},"end":{"line":89,"column":68}},"locations":[{"start":{"line":89,"column":50},"end":{"line":89,"column":68}}]},"10":{"type":"branch","line":87,"loc":{"start":{"line":87,"column":41},"end":{"line":87,"column":71}},"locations":[{"start":{"line":87,"column":41},"end":{"line":87,"column":71}}]}},"b":{"0":[27],"1":[5],"2":[22],"3":[6],"4":[3],"5":[27],"6":[1],"7":[81],"8":[54],"9":[27],"10":[3]},"fnMap":{"0":{"name":"HeaderDetailsPage","decl":{"start":{"line":24,"column":0},"end":{"line":100,"column":1}},"loc":{"start":{"line":24,"column":0},"end":{"line":100,"column":1}},"line":24},"1":{"name":"handleDrawerToggle","decl":{"start":{"line":28,"column":29},"end":{"line":30,"column":4}},"loc":{"start":{"line":28,"column":29},"end":{"line":30,"column":4}},"line":28},"2":{"name":"handleNavigation","decl":{"start":{"line":32,"column":27},"end":{"line":36,"column":4}},"loc":{"start":{"line":32,"column":27},"end":{"line":36,"column":4}},"line":32},"3":{"name":"zIndex","decl":{"start":{"line":43,"column":21},"end":{"line":43,"column":55}},"loc":{"start":{"line":43,"column":21},"end":{"line":43,"column":55}},"line":43},"4":{"name":"onClick","decl":{"start":{"line":62,"column":21},"end":{"line":62,"column":42}},"loc":{"start":{"line":62,"column":21},"end":{"line":62,"column":42}},"line":62},"5":{"name":"onClick","decl":{"start":{"line":87,"column":41},"end":{"line":87,"column":71}},"loc":{"start":{"line":87,"column":41},"end":{"line":87,"column":71}},"line":87}},"f":{"0":27,"1":6,"2":3,"3":27,"4":1,"5":3}}
,"/Users/christopherhein/Desktop/CSE 186/Assignment4/src/InboxPage.jsx": {"path":"/Users/christopherhein/Desktop/CSE 186/Assignment4/src/InboxPage.jsx","all":false,"statementMap":{"0":{"start":{"line":1,"column":0},"end":{"line":1,"column":45}},"1":{"start":{"line":2,"column":0},"end":{"line":2,"column":40}},"2":{"start":{"line":3,"column":0},"end":{"line":3,"column":36}},"3":{"start":{"line":4,"column":0},"end":{"line":4,"column":42}},"4":{"start":{"line":5,"column":0},"end":{"line":5,"column":36}},"11":{"start":{"line":12,"column":0},"end":{"line":12,"column":22}},"12":{"start":{"line":13,"column":0},"end":{"line":13,"column":43}},"13":{"start":{"line":14,"column":0},"end":{"line":14,"column":40}},"14":{"start":{"line":15,"column":0},"end":{"line":15,"column":32}},"15":{"start":{"line":16,"column":0},"end":{"line":16,"column":33}},"17":{"start":{"line":18,"column":0},"end":{"line":18,"column":57}},"19":{"start":{"line":20,"column":0},"end":{"line":20,"column":54}},"20":{"start":{"line":21,"column":0},"end":{"line":21,"column":39}},"21":{"start":{"line":22,"column":0},"end":{"line":22,"column":39}},"22":{"start":{"line":23,"column":0},"end":{"line":23,"column":25}},"23":{"start":{"line":24,"column":0},"end":{"line":24,"column":5}},"25":{"start":{"line":26,"column":0},"end":{"line":26,"column":40}},"26":{"start":{"line":27,"column":0},"end":{"line":27,"column":40}},"27":{"start":{"line":28,"column":0},"end":{"line":28,"column":27}},"29":{"start":{"line":30,"column":0},"end":{"line":30,"column":53}},"30":{"start":{"line":31,"column":0},"end":{"line":31,"column":39}},"31":{"start":{"line":32,"column":0},"end":{"line":32,"column":76}},"32":{"start":{"line":33,"column":0},"end":{"line":33,"column":58}},"33":{"start":{"line":34,"column":0},"end":{"line":34,"column":55}},"34":{"start":{"line":35,"column":0},"end":{"line":35,"column":55}},"35":{"start":{"line":36,"column":0},"end":{"line":36,"column":12}},"36":{"start":{"line":37,"column":0},"end":{"line":37,"column":32}},"37":{"start":{"line":38,"column":0},"end":{"line":38,"column":5}},"38":{"start":{"line":39,"column":0},"end":{"line":39,"column":4}},"40":{"start":{"line":41,"column":0},"end":{"line":41,"column":10}},"41":{"start":{"line":42,"column":0},"end":{"line":42,"column":77}},"42":{"start":{"line":43,"column":0},"end":{"line":43,"column":36}},"43":{"start":{"line":44,"column":0},"end":{"line":44,"column":27}},"44":{"start":{"line":45,"column":0},"end":{"line":45,"column":28}},"45":{"start":{"line":46,"column":0},"end":{"line":46,"column":36}},"46":{"start":{"line":47,"column":0},"end":{"line":47,"column":43}},"47":{"start":{"line":48,"column":0},"end":{"line":48,"column":12}},"48":{"start":{"line":49,"column":0},"end":{"line":49,"column":18}},"49":{"start":{"line":50,"column":0},"end":{"line":50,"column":28}},"50":{"start":{"line":51,"column":0},"end":{"line":51,"column":44}},"51":{"start":{"line":52,"column":0},"end":{"line":52,"column":27}},"52":{"start":{"line":53,"column":0},"end":{"line":53,"column":32}},"53":{"start":{"line":54,"column":0},"end":{"line":54,"column":40}},"54":{"start":{"line":55,"column":0},"end":{"line":55,"column":38}},"55":{"start":{"line":56,"column":0},"end":{"line":56,"column":51}},"56":{"start":{"line":57,"column":0},"end":{"line":57,"column":14}},"57":{"start":{"line":58,"column":0},"end":{"line":58,"column":9}},"58":{"start":{"line":59,"column":0},"end":{"line":59,"column":10}},"60":{"start":{"line":61,"column":0},"end":{"line":61,"column":1}},"62":{"start":{"line":63,"column":0},"end":{"line":63,"column":25}}},"s":{"0":1,"1":1,"2":1,"3":1,"4":1,"11":26,"12":26,"13":26,"14":26,"15":26,"17":26,"19":26,"20":4020,"21":4020,"22":4020,"23":26,"25":26,"26":2690,"27":2690,"29":2690,"30":40,"31":40,"32":2690,"33":90,"34":90,"35":2650,"36":2560,"37":2560,"38":2690,"40":26,"41":26,"42":26,"43":2690,"44":2690,"45":2,"46":2,"47":2,"48":2690,"49":2690,"50":2690,"51":2690,"52":2690,"53":2690,"54":2690,"55":2690,"56":2690,"57":26,"58":26,"60":26,"62":1},"branchMap":{"0":{"type":"branch","line":12,"loc":{"start":{"line":12,"column":0},"end":{"line":61,"column":1}},"locations":[{"start":{"line":12,"column":0},"end":{"line":61,"column":1}}]},"1":{"type":"branch","line":18,"loc":{"start":{"line":18,"column":30},"end":{"line":18,"column":55}},"locations":[{"start":{"line":18,"column":30},"end":{"line":18,"column":55}}]},"2":{"type":"branch","line":20,"loc":{"start":{"line":20,"column":43},"end":{"line":24,"column":3}},"locations":[{"start":{"line":20,"column":43},"end":{"line":24,"column":3}}]},"3":{"type":"branch","line":26,"loc":{"start":{"line":26,"column":21},"end":{"line":39,"column":4}},"locations":[{"start":{"line":26,"column":21},"end":{"line":39,"column":4}}]},"4":{"type":"branch","line":30,"loc":{"start":{"line":30,"column":52},"end":{"line":33,"column":15}},"locations":[{"start":{"line":30,"column":52},"end":{"line":33,"column":15}}]},"5":{"type":"branch","line":33,"loc":{"start":{"line":33,"column":4},"end":{"line":38,"column":5}},"locations":[{"start":{"line":33,"column":4},"end":{"line":38,"column":5}}]},"6":{"type":"branch","line":33,"loc":{"start":{"line":33,"column":57},"end":{"line":36,"column":11}},"locations":[{"start":{"line":33,"column":57},"end":{"line":36,"column":11}}]},"7":{"type":"branch","line":36,"loc":{"start":{"line":36,"column":4},"end":{"line":38,"column":5}},"locations":[{"start":{"line":36,"column":4},"end":{"line":38,"column":5}}]},"8":{"type":"branch","line":43,"loc":{"start":{"line":43,"column":24},"end":{"line":57,"column":14}},"locations":[{"start":{"line":43,"column":24},"end":{"line":57,"column":14}}]},"9":{"type":"branch","line":45,"loc":{"start":{"line":45,"column":21},"end":{"line":48,"column":12}},"locations":[{"start":{"line":45,"column":21},"end":{"line":48,"column":12}}]}},"b":{"0":[26],"1":[36],"2":[4020],"3":[2690],"4":[40],"5":[2650],"6":[90],"7":[2560],"8":[2690],"9":[2]},"fnMap":{"0":{"name":"InboxPage","decl":{"start":{"line":12,"column":0},"end":{"line":61,"column":1}},"loc":{"start":{"line":12,"column":0},"end":{"line":61,"column":1}},"line":12},"1":{"name":"formatDate","decl":{"start":{"line":26,"column":21},"end":{"line":39,"column":4}},"loc":{"start":{"line":26,"column":21},"end":{"line":39,"column":4}},"line":26},"2":{"name":"onClick","decl":{"start":{"line":45,"column":21},"end":{"line":48,"column":12}},"loc":{"start":{"line":45,"column":21},"end":{"line":48,"column":12}},"line":45}},"f":{"0":26,"1":2690,"2":2}}
,"/Users/christopherhein/Desktop/CSE 186/Assignment4/src/Layout.jsx": {"path":"/Users/christopherhein/Desktop/CSE 186/Assignment4/src/Layout.jsx","all":false,"statementMap":{"0":{"start":{"line":1,"column":0},"end":{"line":1,"column":34}},"1":{"start":{"line":2,"column":0},"end":{"line":2,"column":52}},"2":{"start":{"line":3,"column":0},"end":{"line":3,"column":35}},"4":{"start":{"line":5,"column":0},"end":{"line":5,"column":32}},"5":{"start":{"line":6,"column":0},"end":{"line":6,"column":10}},"6":{"start":{"line":7,"column":0},"end":{"line":7,"column":32}},"7":{"start":{"line":8,"column":0},"end":{"line":8,"column":27}},"8":{"start":{"line":9,"column":0},"end":{"line":9,"column":53}},"9":{"start":{"line":10,"column":0},"end":{"line":10,"column":18}},"10":{"start":{"line":11,"column":0},"end":{"line":11,"column":12}},"11":{"start":{"line":12,"column":0},"end":{"line":12,"column":10}},"13":{"start":{"line":14,"column":0},"end":{"line":14,"column":2}},"15":{"start":{"line":16,"column":0},"end":{"line":16,"column":20}},"16":{"start":{"line":17,"column":0},"end":{"line":17,"column":38}},"17":{"start":{"line":18,"column":0},"end":{"line":18,"column":2}},"19":{"start":{"line":20,"column":0},"end":{"line":20,"column":22}}},"s":{"0":1,"1":1,"2":1,"4":1,"5":11,"6":11,"7":11,"8":11,"9":11,"10":11,"11":11,"13":11,"15":1,"16":1,"17":1,"19":1},"branchMap":{"0":{"type":"branch","line":5,"loc":{"start":{"line":5,"column":15},"end":{"line":14,"column":2}},"locations":[{"start":{"line":5,"column":15},"end":{"line":14,"column":2}}]}},"b":{"0":[11]},"fnMap":{"0":{"name":"Layout","decl":{"start":{"line":5,"column":15},"end":{"line":14,"column":2}},"loc":{"start":{"line":5,"column":15},"end":{"line":14,"column":2}},"line":5}},"f":{"0":11}}
}
